{"name": "test_shopclues_login01[shopclue_login_data2]", "status": "failed", "statusDetails": {"message": "AssertionError: assert False", "trace": "self = <test_shopclues_login.Test_shopclues object at 0x0000022D6D129250>\ncomm_file = <selenium.webdriver.firefox.webdriver.WebDriver (session=\"33e74170-b651-47ad-acda-5673ee0afa2e\")>\nshopclue_login_data = ('rahul.ipe@gmail.com', 'rahul1803sarda@#$')\n\n    def test_shopclues_login01(self,comm_file,shopclue_login_data):\n        self.driver = comm_file\n        self.driver.find_element(By.XPATH, \"//a[normalize-space()='Sign In']\").click()\n        time.sleep(2)\n        self.driver.find_element(By.XPATH, \"/html/body/div[1]/div/div/div[3]/div[1]/button[1]\").click()\n        self.driver.find_element(By.XPATH, \"//span[normalize-space()='Continue with Facebook']\").click()\n        self.driver.find_element(By.XPATH, \"//input[@id='email']\").send_keys(shopclue_login_data[0])\n        self.driver.find_element(By.XPATH, \"//input[@id='pass']\").send_keys(shopclue_login_data[1])\n        self.driver.find_element(By.XPATH, \"//button[@id='loginbutton']\").click()\n        try:\n            time.sleep(10)\n>           self.driver.find_element(By.XPATH, \"/html/body/div[1]/div/div/div[3]/div[1]/button[1]\").click()\n\ntest_shopclues_login.py:19: \n_ _ _ _ _ _ _ _ _ _ _ _ _ _ _ _ _ _ _ _ _ _ _ _ _ _ _ _ _ _ _ _ _ _ _ _ _ _ _ _\nC:\\Users\\Admin\\AppData\\Local\\Programs\\Python\\Python311\\Lib\\site-packages\\selenium\\webdriver\\remote\\webdriver.py:739: in find_element\n    return self.execute(Command.FIND_ELEMENT, {\"using\": by, \"value\": value})[\"value\"]\nC:\\Users\\Admin\\AppData\\Local\\Programs\\Python\\Python311\\Lib\\site-packages\\selenium\\webdriver\\remote\\webdriver.py:345: in execute\n    self.error_handler.check_response(response)\n_ _ _ _ _ _ _ _ _ _ _ _ _ _ _ _ _ _ _ _ _ _ _ _ _ _ _ _ _ _ _ _ _ _ _ _ _ _ _ _\n\nself = <selenium.webdriver.remote.errorhandler.ErrorHandler object at 0x0000022D6D161C10>\nresponse = {'status': 404, 'value': '{\"value\":{\"error\":\"no such element\",\"message\":\"Unable to locate element: /html/body/div[1]/d.../content/shared/webdriver/Errors.sys.mjs:505:5\\\\ndom.find/</<@chrome://remote/content/shared/DOM.sys.mjs:132:16\\\\n\"}}'}\n\n    def check_response(self, response: Dict[str, Any]) -> None:\n        \"\"\"Checks that a JSON response from the WebDriver does not have an\n        error.\n    \n        :Args:\n         - response - The JSON response from the WebDriver server as a dictionary\n           object.\n    \n        :Raises: If the response contains an error message.\n        \"\"\"\n        status = response.get(\"status\", None)\n        if not status or status == ErrorCode.SUCCESS:\n            return\n        value = None\n        message = response.get(\"message\", \"\")\n        screen: str = response.get(\"screen\", \"\")\n        stacktrace = None\n        if isinstance(status, int):\n            value_json = response.get(\"value\", None)\n            if value_json and isinstance(value_json, str):\n                import json\n    \n                try:\n                    value = json.loads(value_json)\n                    if len(value) == 1:\n                        value = value[\"value\"]\n                    status = value.get(\"error\", None)\n                    if not status:\n                        status = value.get(\"status\", ErrorCode.UNKNOWN_ERROR)\n                        message = value.get(\"value\") or value.get(\"message\")\n                        if not isinstance(message, str):\n                            value = message\n                            message = message.get(\"message\")\n                    else:\n                        message = value.get(\"message\", None)\n                except ValueError:\n                    pass\n    \n        exception_class: Type[WebDriverException]\n        e = ErrorCode()\n        error_codes = [item for item in dir(e) if not item.startswith(\"__\")]\n        for error_code in error_codes:\n            error_info = getattr(ErrorCode, error_code)\n            if isinstance(error_info, list) and status in error_info:\n                exception_class = getattr(ExceptionMapping, error_code, WebDriverException)\n                break\n        else:\n            exception_class = WebDriverException\n    \n        if not value:\n            value = response[\"value\"]\n        if isinstance(value, str):\n            raise exception_class(value)\n        if message == \"\" and \"message\" in value:\n            message = value[\"message\"]\n    \n        screen = None  # type: ignore[assignment]\n        if \"screen\" in value:\n            screen = value[\"screen\"]\n    \n        stacktrace = None\n        st_value = value.get(\"stackTrace\") or value.get(\"stacktrace\")\n        if st_value:\n            if isinstance(st_value, str):\n                stacktrace = st_value.split(\"\\n\")\n            else:\n                stacktrace = []\n                try:\n                    for frame in st_value:\n                        line = frame.get(\"lineNumber\", \"\")\n                        file = frame.get(\"fileName\", \"<anonymous>\")\n                        if line:\n                            file = f\"{file}:{line}\"\n                        meth = frame.get(\"methodName\", \"<anonymous>\")\n                        if \"className\" in frame:\n                            meth = f\"{frame['className']}.{meth}\"\n                        msg = \"    at %s (%s)\"\n                        msg = msg % (meth, file)\n                        stacktrace.append(msg)\n                except TypeError:\n                    pass\n        if exception_class == UnexpectedAlertPresentException:\n            alert_text = None\n            if \"data\" in value:\n                alert_text = value[\"data\"].get(\"text\")\n            elif \"alert\" in value:\n                alert_text = value[\"alert\"].get(\"text\")\n            raise exception_class(message, screen, stacktrace, alert_text)  # type: ignore[call-arg]  # mypy is not smart enough here\n>       raise exception_class(message, screen, stacktrace)\nE       selenium.common.exceptions.NoSuchElementException: Message: Unable to locate element: /html/body/div[1]/div/div/div[3]/div[1]/button[1]; For documentation on this error, please visit: https://www.selenium.dev/documentation/webdriver/troubleshooting/errors#no-such-element-exception\nE       Stacktrace:\nE       RemoteError@chrome://remote/content/shared/RemoteError.sys.mjs:8:8\nE       WebDriverError@chrome://remote/content/shared/webdriver/Errors.sys.mjs:187:5\nE       NoSuchElementError@chrome://remote/content/shared/webdriver/Errors.sys.mjs:505:5\nE       dom.find/</<@chrome://remote/content/shared/DOM.sys.mjs:132:16\n\nC:\\Users\\Admin\\AppData\\Local\\Programs\\Python\\Python311\\Lib\\site-packages\\selenium\\webdriver\\remote\\errorhandler.py:229: NoSuchElementException\n\nDuring handling of the above exception, another exception occurred:\n\nself = <test_shopclues_login.Test_shopclues object at 0x0000022D6D129250>\ncomm_file = <selenium.webdriver.firefox.webdriver.WebDriver (session=\"33e74170-b651-47ad-acda-5673ee0afa2e\")>\nshopclue_login_data = ('rahul.ipe@gmail.com', 'rahul1803sarda@#$')\n\n    def test_shopclues_login01(self,comm_file,shopclue_login_data):\n        self.driver = comm_file\n        self.driver.find_element(By.XPATH, \"//a[normalize-space()='Sign In']\").click()\n        time.sleep(2)\n        self.driver.find_element(By.XPATH, \"/html/body/div[1]/div/div/div[3]/div[1]/button[1]\").click()\n        self.driver.find_element(By.XPATH, \"//span[normalize-space()='Continue with Facebook']\").click()\n        self.driver.find_element(By.XPATH, \"//input[@id='email']\").send_keys(shopclue_login_data[0])\n        self.driver.find_element(By.XPATH, \"//input[@id='pass']\").send_keys(shopclue_login_data[1])\n        self.driver.find_element(By.XPATH, \"//button[@id='loginbutton']\").click()\n        try:\n            time.sleep(10)\n            self.driver.find_element(By.XPATH, \"/html/body/div[1]/div/div/div[3]/div[1]/button[1]\").click()\n            self.driver.find_element(By.XPATH, \"//a[normalize-space()='Hi Rahul']\")\n            self.driver.find_element(By.XPATH,\"//div[@class='hoverContent sc_actLinks']//a[contains(text(),'Rahul')]\")\n            self.driver.save_screenshot(f\".//screenshots//{shopclue_login_data[0]}_{shopclue_login_data[1]} shopclues_login_pass01.PNG\")\n            print(\"shopclue login successfully\")\n            self.driver.close()\n            assert True\n        except:\n            print(\"shopclue login is unsuccessfull\")\n            self.driver.save_screenshot(f\".//screenshots//{shopclue_login_data[0]}_{shopclue_login_data[1]} shopcclues_login_fail01.PNG\")\n            self.driver.close()\n>           assert False\nE           assert False\n\ntest_shopclues_login.py:30: AssertionError"}, "parameters": [{"name": "shopclue_login_data", "value": "('rahul.ipe@gmail.com', 'rahul1803sarda@#$')"}], "start": 1690964220680, "stop": 1690964242600, "uuid": "9a7698dd-9aab-4842-9d80-90c18082993c", "historyId": "4917419804ee5c92f762536ab1cf6b24", "testCaseId": "d2453f0a5410fb5cb769f37780d44b5c", "fullName": "test_shopclues_login.Test_shopclues#test_shopclues_login01", "labels": [{"name": "suite", "value": "test_shopclues_login"}, {"name": "subSuite", "value": "Test_shopclues"}, {"name": "host", "value": "DESKTOP-3IIDO4U"}, {"name": "thread", "value": "15096-MainThread"}, {"name": "framework", "value": "pytest"}, {"name": "language", "value": "cpython3"}, {"name": "package", "value": "test_shopclues_login"}]}