<!DOCTYPE html>
<html>
  <head>
    <meta charset="utf-8"/>
    <title>credkart_login.html</title>
    <link href="assets/style.css" rel="stylesheet" type="text/css"/></head>
  <body onLoad="init()">
    <script>/* This Source Code Form is subject to the terms of the Mozilla Public
 * License, v. 2.0. If a copy of the MPL was not distributed with this file,
 * You can obtain one at http://mozilla.org/MPL/2.0/. */


function toArray(iter) {
    if (iter === null) {
        return null;
    }
    return Array.prototype.slice.call(iter);
}

function find(selector, elem) { // eslint-disable-line no-redeclare
    if (!elem) {
        elem = document;
    }
    return elem.querySelector(selector);
}

function findAll(selector, elem) {
    if (!elem) {
        elem = document;
    }
    return toArray(elem.querySelectorAll(selector));
}

function sortColumn(elem) {
    toggleSortStates(elem);
    const colIndex = toArray(elem.parentNode.childNodes).indexOf(elem);
    let key;
    if (elem.classList.contains('result')) {
        key = keyResult;
    } else if (elem.classList.contains('links')) {
        key = keyLink;
    } else {
        key = keyAlpha;
    }
    sortTable(elem, key(colIndex));
}

function showAllExtras() { // eslint-disable-line no-unused-vars
    findAll('.col-result').forEach(showExtras);
}

function hideAllExtras() { // eslint-disable-line no-unused-vars
    findAll('.col-result').forEach(hideExtras);
}

function showExtras(colresultElem) {
    const extras = colresultElem.parentNode.nextElementSibling;
    const expandcollapse = colresultElem.firstElementChild;
    extras.classList.remove('collapsed');
    expandcollapse.classList.remove('expander');
    expandcollapse.classList.add('collapser');
}

function hideExtras(colresultElem) {
    const extras = colresultElem.parentNode.nextElementSibling;
    const expandcollapse = colresultElem.firstElementChild;
    extras.classList.add('collapsed');
    expandcollapse.classList.remove('collapser');
    expandcollapse.classList.add('expander');
}

function showFilters() {
    let visibleString = getQueryParameter('visible') || 'all';
    visibleString = visibleString.toLowerCase();
    const checkedItems = visibleString.split(',');

    const filterItems = document.getElementsByClassName('filter');
    for (let i = 0; i < filterItems.length; i++) {
        filterItems[i].hidden = false;

        if (visibleString != 'all') {
            filterItems[i].checked = checkedItems.includes(filterItems[i].getAttribute('data-test-result'));
            filterTable(filterItems[i]);
        }
    }
}

function addCollapse() {
    // Add links for show/hide all
    const resulttable = find('table#results-table');
    const showhideall = document.createElement('p');
    showhideall.innerHTML = '<a href="javascript:showAllExtras()">Show all details</a> / ' +
                            '<a href="javascript:hideAllExtras()">Hide all details</a>';
    resulttable.parentElement.insertBefore(showhideall, resulttable);

    // Add show/hide link to each result
    findAll('.col-result').forEach(function(elem) {
        const collapsed = getQueryParameter('collapsed') || 'Passed';
        const extras = elem.parentNode.nextElementSibling;
        const expandcollapse = document.createElement('span');
        if (extras.classList.contains('collapsed')) {
            expandcollapse.classList.add('expander');
        } else if (collapsed.includes(elem.innerHTML)) {
            extras.classList.add('collapsed');
            expandcollapse.classList.add('expander');
        } else {
            expandcollapse.classList.add('collapser');
        }
        elem.appendChild(expandcollapse);

        elem.addEventListener('click', function(event) {
            if (event.currentTarget.parentNode.nextElementSibling.classList.contains('collapsed')) {
                showExtras(event.currentTarget);
            } else {
                hideExtras(event.currentTarget);
            }
        });
    });
}

function getQueryParameter(name) {
    const match = RegExp('[?&]' + name + '=([^&]*)').exec(window.location.search);
    return match && decodeURIComponent(match[1].replace(/\+/g, ' '));
}

function init () { // eslint-disable-line no-unused-vars
    resetSortHeaders();

    addCollapse();

    showFilters();

    sortColumn(find('.initial-sort'));

    findAll('.sortable').forEach(function(elem) {
        elem.addEventListener('click',
            function() {
                sortColumn(elem);
            }, false);
    });
}

function sortTable(clicked, keyFunc) {
    const rows = findAll('.results-table-row');
    const reversed = !clicked.classList.contains('asc');
    const sortedRows = sort(rows, keyFunc, reversed);
    /* Whole table is removed here because browsers acts much slower
     * when appending existing elements.
     */
    const thead = document.getElementById('results-table-head');
    document.getElementById('results-table').remove();
    const parent = document.createElement('table');
    parent.id = 'results-table';
    parent.appendChild(thead);
    sortedRows.forEach(function(elem) {
        parent.appendChild(elem);
    });
    document.getElementsByTagName('BODY')[0].appendChild(parent);
}

function sort(items, keyFunc, reversed) {
    const sortArray = items.map(function(item, i) {
        return [keyFunc(item), i];
    });

    sortArray.sort(function(a, b) {
        const keyA = a[0];
        const keyB = b[0];

        if (keyA == keyB) return 0;

        if (reversed) {
            return keyA < keyB ? 1 : -1;
        } else {
            return keyA > keyB ? 1 : -1;
        }
    });

    return sortArray.map(function(item) {
        const index = item[1];
        return items[index];
    });
}

function keyAlpha(colIndex) {
    return function(elem) {
        return elem.childNodes[1].childNodes[colIndex].firstChild.data.toLowerCase();
    };
}

function keyLink(colIndex) {
    return function(elem) {
        const dataCell = elem.childNodes[1].childNodes[colIndex].firstChild;
        return dataCell == null ? '' : dataCell.innerText.toLowerCase();
    };
}

function keyResult(colIndex) {
    return function(elem) {
        const strings = ['Error', 'Failed', 'Rerun', 'XFailed', 'XPassed',
            'Skipped', 'Passed'];
        return strings.indexOf(elem.childNodes[1].childNodes[colIndex].firstChild.data);
    };
}

function resetSortHeaders() {
    findAll('.sort-icon').forEach(function(elem) {
        elem.parentNode.removeChild(elem);
    });
    findAll('.sortable').forEach(function(elem) {
        const icon = document.createElement('div');
        icon.className = 'sort-icon';
        icon.textContent = 'vvv';
        elem.insertBefore(icon, elem.firstChild);
        elem.classList.remove('desc', 'active');
        elem.classList.add('asc', 'inactive');
    });
}

function toggleSortStates(elem) {
    //if active, toggle between asc and desc
    if (elem.classList.contains('active')) {
        elem.classList.toggle('asc');
        elem.classList.toggle('desc');
    }

    //if inactive, reset all other functions and add ascending active
    if (elem.classList.contains('inactive')) {
        resetSortHeaders();
        elem.classList.remove('inactive');
        elem.classList.add('active');
    }
}

function isAllRowsHidden(value) {
    return value.hidden == false;
}

function filterTable(elem) { // eslint-disable-line no-unused-vars
    const outcomeAtt = 'data-test-result';
    const outcome = elem.getAttribute(outcomeAtt);
    const classOutcome = outcome + ' results-table-row';
    const outcomeRows = document.getElementsByClassName(classOutcome);

    for(let i = 0; i < outcomeRows.length; i++){
        outcomeRows[i].hidden = !elem.checked;
    }

    const rows = findAll('.results-table-row').filter(isAllRowsHidden);
    const allRowsHidden = rows.length == 0 ? true : false;
    const notFoundMessage = document.getElementById('not-found-message');
    notFoundMessage.hidden = !allRowsHidden;
}
</script>
    <h1>credkart_login.html</h1>
    <p>Report generated on 02-Aug-2023 at 10:07:28 by <a href="https://pypi.python.org/pypi/pytest-html">pytest-html</a> v3.2.0</p>
    <h2>Summary</h2>
    <p>5 tests ran in 106.14 seconds. </p>
    <p class="filter" hidden="true">(Un)check the boxes to filter the results.</p><input checked="true" class="filter" data-test-result="passed" hidden="true" name="filter_checkbox" onChange="filterTable(this)" type="checkbox"/><span class="passed">3 passed</span>, <input checked="true" class="filter" data-test-result="skipped" disabled="true" hidden="true" name="filter_checkbox" onChange="filterTable(this)" type="checkbox"/><span class="skipped">0 skipped</span>, <input checked="true" class="filter" data-test-result="failed" hidden="true" name="filter_checkbox" onChange="filterTable(this)" type="checkbox"/><span class="failed">2 failed</span>, <input checked="true" class="filter" data-test-result="error" disabled="true" hidden="true" name="filter_checkbox" onChange="filterTable(this)" type="checkbox"/><span class="error">0 errors</span>, <input checked="true" class="filter" data-test-result="xfailed" disabled="true" hidden="true" name="filter_checkbox" onChange="filterTable(this)" type="checkbox"/><span class="xfailed">0 expected failures</span>, <input checked="true" class="filter" data-test-result="xpassed" disabled="true" hidden="true" name="filter_checkbox" onChange="filterTable(this)" type="checkbox"/><span class="xpassed">0 unexpected passes</span>
    <h2>Results</h2>
    <table id="results-table">
      <thead id="results-table-head">
        <tr>
          <th class="sortable result initial-sort" col="result">Result</th>
          <th class="sortable" col="name">Test</th>
          <th class="sortable" col="duration">Duration</th>
          <th class="sortable links" col="links">Links</th></tr>
        <tr hidden="true" id="not-found-message">
          <th colspan="4">No results found. Try to check the filters</th></tr></thead>
      <tbody class="failed results-table-row">
        <tr>
          <td class="col-result">Failed</td>
          <td class="col-name">test_shopclues_login.py::Test_shopclues::test_shopclues_login01[shopclue_login_data2]</td>
          <td class="col-duration">20.11</td>
          <td class="col-links"></td></tr>
        <tr>
          <td class="extra" colspan="4">
            <div class="log">self = &lt;test_shopclues_login.Test_shopclues object at 0x0000027EDC966640&gt;, comm_file = &lt;selenium.webdriver.chrome.webdriver.WebDriver (session=&quot;86df5519682e135ccab4d8c1f3048773&quot;)&gt;<br/>shopclue_login_data = (&#x27;rahul.ipe@gmail.com&#x27;, &#x27;rahul1803sarda@#$&#x27;)<br/><br/>    def test_shopclues_login01(self,comm_file,shopclue_login_data):<br/>        self.driver = comm_file<br/>        self.driver.find_element(By.XPATH, &quot;//a[normalize-space()=&#x27;Sign In&#x27;]&quot;).click()<br/>        time.sleep(2)<br/>        self.driver.find_element(By.XPATH, &quot;/html/body/div[1]/div/div/div[3]/div[1]/button[1]&quot;).click()<br/>        self.driver.find_element(By.XPATH, &quot;//span[normalize-space()=&#x27;Continue with Facebook&#x27;]&quot;).click()<br/>        self.driver.find_element(By.XPATH, &quot;//input[@id=&#x27;email&#x27;]&quot;).send_keys(shopclue_login_data[0])<br/>        self.driver.find_element(By.XPATH, &quot;//input[@id=&#x27;pass&#x27;]&quot;).send_keys(shopclue_login_data[1])<br/>        self.driver.find_element(By.XPATH, &quot;//button[@id=&#x27;loginbutton&#x27;]&quot;).click()<br/>        try:<br/>            time.sleep(10)<br/>&gt;           self.driver.find_element(By.XPATH, &quot;/html/body/div[1]/div/div/div[3]/div[1]/button[1]&quot;).click()<br/><br/>test_shopclues_login.py:19: <br/>_ _ _ _ _ _ _ _ _ _ _ _ _ _ _ _ _ _ _ _ _ _ _ _ _ _ _ _ _ _ _ _ _ _ _ _ _ _ _ _ <br/>venv\lib\site-packages\selenium\webdriver\remote\webdriver.py:739: in find_element<br/>    return self.execute(Command.FIND_ELEMENT, {&quot;using&quot;: by, &quot;value&quot;: value})[&quot;value&quot;]<br/>venv\lib\site-packages\selenium\webdriver\remote\webdriver.py:345: in execute<br/>    self.error_handler.check_response(response)<br/>_ _ _ _ _ _ _ _ _ _ _ _ _ _ _ _ _ _ _ _ _ _ _ _ _ _ _ _ _ _ _ _ _ _ _ _ _ _ _ _ <br/><br/>self = &lt;selenium.webdriver.remote.errorhandler.ErrorHandler object at 0x0000027EDC957700&gt;<br/>response = {&#x27;status&#x27;: 404, &#x27;value&#x27;: &#x27;{&quot;value&quot;:{&quot;error&quot;:&quot;no such element&quot;,&quot;message&quot;:&quot;no such element: Unable to locate element: {\...\n\\tRtlGetAppContainerNamedObjectPath [0x77237B1E+286]\\n\\tRtlGetAppContainerNamedObjectPath [0x77237AEE+238]\\n&quot;}}&#x27;}<br/><br/>    def check_response(self, response: Dict[str, Any]) -&gt; None:<br/>        &quot;&quot;&quot;Checks that a JSON response from the WebDriver does not have an<br/>        error.<br/>    <br/>        :Args:<br/>         - response - The JSON response from the WebDriver server as a dictionary<br/>           object.<br/>    <br/>        :Raises: If the response contains an error message.<br/>        &quot;&quot;&quot;<br/>        status = response.get(&quot;status&quot;, None)<br/>        if not status or status == ErrorCode.SUCCESS:<br/>            return<br/>        value = None<br/>        message = response.get(&quot;message&quot;, &quot;&quot;)<br/>        screen: str = response.get(&quot;screen&quot;, &quot;&quot;)<br/>        stacktrace = None<br/>        if isinstance(status, int):<br/>            value_json = response.get(&quot;value&quot;, None)<br/>            if value_json and isinstance(value_json, str):<br/>                import json<br/>    <br/>                try:<br/>                    value = json.loads(value_json)<br/>                    if len(value) == 1:<br/>                        value = value[&quot;value&quot;]<br/>                    status = value.get(&quot;error&quot;, None)<br/>                    if not status:<br/>                        status = value.get(&quot;status&quot;, ErrorCode.UNKNOWN_ERROR)<br/>                        message = value.get(&quot;value&quot;) or value.get(&quot;message&quot;)<br/>                        if not isinstance(message, str):<br/>                            value = message<br/>                            message = message.get(&quot;message&quot;)<br/>                    else:<br/>                        message = value.get(&quot;message&quot;, None)<br/>                except ValueError:<br/>                    pass<br/>    <br/>        exception_class: Type[WebDriverException]<br/>        e = ErrorCode()<br/>        error_codes = [item for item in dir(e) if not item.startswith(&quot;__&quot;)]<br/>        for error_code in error_codes:<br/>            error_info = getattr(ErrorCode, error_code)<br/>            if isinstance(error_info, list) and status in error_info:<br/>                exception_class = getattr(ExceptionMapping, error_code, WebDriverException)<br/>                break<br/>        else:<br/>            exception_class = WebDriverException<br/>    <br/>        if not value:<br/>            value = response[&quot;value&quot;]<br/>        if isinstance(value, str):<br/>            raise exception_class(value)<br/>        if message == &quot;&quot; and &quot;message&quot; in value:<br/>            message = value[&quot;message&quot;]<br/>    <br/>        screen = None  # type: ignore[assignment]<br/>        if &quot;screen&quot; in value:<br/>            screen = value[&quot;screen&quot;]<br/>    <br/>        stacktrace = None<br/>        st_value = value.get(&quot;stackTrace&quot;) or value.get(&quot;stacktrace&quot;)<br/>        if st_value:<br/>            if isinstance(st_value, str):<br/>                stacktrace = st_value.split(&quot;\n&quot;)<br/>            else:<br/>                stacktrace = []<br/>                try:<br/>                    for frame in st_value:<br/>                        line = frame.get(&quot;lineNumber&quot;, &quot;&quot;)<br/>                        file = frame.get(&quot;fileName&quot;, &quot;&lt;anonymous&gt;&quot;)<br/>                        if line:<br/>                            file = f&quot;{file}:{line}&quot;<br/>                        meth = frame.get(&quot;methodName&quot;, &quot;&lt;anonymous&gt;&quot;)<br/>                        if &quot;className&quot; in frame:<br/>                            meth = f&quot;{frame[&#x27;className&#x27;]}.{meth}&quot;<br/>                        msg = &quot;    at %s (%s)&quot;<br/>                        msg = msg % (meth, file)<br/>                        stacktrace.append(msg)<br/>                except TypeError:<br/>                    pass<br/>        if exception_class == UnexpectedAlertPresentException:<br/>            alert_text = None<br/>            if &quot;data&quot; in value:<br/>                alert_text = value[&quot;data&quot;].get(&quot;text&quot;)<br/>            elif &quot;alert&quot; in value:<br/>                alert_text = value[&quot;alert&quot;].get(&quot;text&quot;)<br/>            raise exception_class(message, screen, stacktrace, alert_text)  # type: ignore[call-arg]  # mypy is not smart enough here<br/>&gt;       raise exception_class(message, screen, stacktrace)<br/><span class="error">E       selenium.common.exceptions.NoSuchElementException: Message: no such element: Unable to locate element: {&quot;method&quot;:&quot;xpath&quot;,&quot;selector&quot;:&quot;/html/body/div[1]/div/div/div[3]/div[1]/button[1]&quot;}</span><br/><span class="error">E         (Session info: chrome=115.0.5790.110); For documentation on this error, please visit: https://www.selenium.dev/documentation/webdriver/troubleshooting/errors#no-such-element-exception</span><br/><span class="error">E       Stacktrace:</span><br/><span class="error">E       Backtrace:</span><br/><span class="error">E       	GetHandleVerifier [0x0041A813+48355]</span><br/><span class="error">E       	(No symbol) [0x003AC4B1]</span><br/><span class="error">E       	(No symbol) [0x002B5358]</span><br/><span class="error">E       	(No symbol) [0x002E09A5]</span><br/><span class="error">E       	(No symbol) [0x002E0B3B]</span><br/><span class="error">E       	(No symbol) [0x0030E232]</span><br/><span class="error">E       	(No symbol) [0x002FA784]</span><br/><span class="error">E       	(No symbol) [0x0030C922]</span><br/><span class="error">E       	(No symbol) [0x002FA536]</span><br/><span class="error">E       	(No symbol) [0x002D82DC]</span><br/><span class="error">E       	(No symbol) [0x002D93DD]</span><br/><span class="error">E       	GetHandleVerifier [0x0067AABD+2539405]</span><br/><span class="error">E       	GetHandleVerifier [0x006BA78F+2800735]</span><br/><span class="error">E       	GetHandleVerifier [0x006B456C+2775612]</span><br/><span class="error">E       	GetHandleVerifier [0x004A51E0+616112]</span><br/><span class="error">E       	(No symbol) [0x003B5F8C]</span><br/><span class="error">E       	(No symbol) [0x003B2328]</span><br/><span class="error">E       	(No symbol) [0x003B240B]</span><br/><span class="error">E       	(No symbol) [0x003A4FF7]</span><br/><span class="error">E       	BaseThreadInitThunk [0x751300C9+25]</span><br/><span class="error">E       	RtlGetAppContainerNamedObjectPath [0x77237B1E+286]</span><br/><span class="error">E       	RtlGetAppContainerNamedObjectPath [0x77237AEE+238]</span><br/><br/>venv\lib\site-packages\selenium\webdriver\remote\errorhandler.py:229: NoSuchElementException<br/><br/>During handling of the above exception, another exception occurred:<br/><br/>self = &lt;test_shopclues_login.Test_shopclues object at 0x0000027EDC966640&gt;, comm_file = &lt;selenium.webdriver.chrome.webdriver.WebDriver (session=&quot;86df5519682e135ccab4d8c1f3048773&quot;)&gt;<br/>shopclue_login_data = (&#x27;rahul.ipe@gmail.com&#x27;, &#x27;rahul1803sarda@#$&#x27;)<br/><br/>    def test_shopclues_login01(self,comm_file,shopclue_login_data):<br/>        self.driver = comm_file<br/>        self.driver.find_element(By.XPATH, &quot;//a[normalize-space()=&#x27;Sign In&#x27;]&quot;).click()<br/>        time.sleep(2)<br/>        self.driver.find_element(By.XPATH, &quot;/html/body/div[1]/div/div/div[3]/div[1]/button[1]&quot;).click()<br/>        self.driver.find_element(By.XPATH, &quot;//span[normalize-space()=&#x27;Continue with Facebook&#x27;]&quot;).click()<br/>        self.driver.find_element(By.XPATH, &quot;//input[@id=&#x27;email&#x27;]&quot;).send_keys(shopclue_login_data[0])<br/>        self.driver.find_element(By.XPATH, &quot;//input[@id=&#x27;pass&#x27;]&quot;).send_keys(shopclue_login_data[1])<br/>        self.driver.find_element(By.XPATH, &quot;//button[@id=&#x27;loginbutton&#x27;]&quot;).click()<br/>        try:<br/>            time.sleep(10)<br/>            self.driver.find_element(By.XPATH, &quot;/html/body/div[1]/div/div/div[3]/div[1]/button[1]&quot;).click()<br/>            self.driver.find_element(By.XPATH, &quot;//a[normalize-space()=&#x27;Hi Rahul&#x27;]&quot;)<br/>            self.driver.find_element(By.XPATH,&quot;//div[@class=&#x27;hoverContent sc_actLinks&#x27;]//a[contains(text(),&#x27;Rahul&#x27;)]&quot;)<br/>            self.driver.save_screenshot(f&quot;.//screenshots//{shopclue_login_data[0]}_{shopclue_login_data[1]} shopclues_login_pass01.PNG&quot;)<br/>            print(&quot;shopclue login successfully&quot;)<br/>            self.driver.close()<br/>            assert True<br/>        except:<br/>            print(&quot;shopclue login is unsuccessfull&quot;)<br/>            self.driver.save_screenshot(f&quot;.//screenshots//{shopclue_login_data[0]}_{shopclue_login_data[1]} shopcclues_login_fail01.PNG&quot;)<br/>            self.driver.close()<br/>&gt;           assert False<br/><span class="error">E           assert False</span><br/><br/>test_shopclues_login.py:30: AssertionError<br/> -------------------------------Captured log setup------------------------------- <br/>WARNING  selenium.webdriver.common.selenium_manager:selenium_manager.py:133 The chromedriver version (114.0.5735.90) detected in PATH at C:\Users\Admin\AppData\Local\Programs\Python\Python39\Scripts\chromedriver.exe might not be compatible with the detected chrome version (115.0.5790.110); currently, chromedriver 115.0.5790.102 is recommended for chrome 115.*, so it is advised to delete the driver in PATH and retry<br/> ------------------------------Captured stdout call------------------------------ <br/>shopclue login is unsuccessfull
<br/></div></td></tr></tbody>
      <tbody class="failed results-table-row">
        <tr>
          <td class="col-result">Failed</td>
          <td class="col-name">test_shopclues_login.py::Test_shopclues::test_shopclues_login01[shopclue_login_data4]</td>
          <td class="col-duration">20.32</td>
          <td class="col-links"></td></tr>
        <tr>
          <td class="extra" colspan="4">
            <div class="log">self = &lt;test_shopclues_login.Test_shopclues object at 0x0000027EDC9663A0&gt;, comm_file = &lt;selenium.webdriver.chrome.webdriver.WebDriver (session=&quot;227f4642ffa436a00beaced23e49afb6&quot;)&gt;<br/>shopclue_login_data = (&#x27;rahul.ip@gmail.com&#x27;, &#x27;rahul1803sarrda@#&#x27;)<br/><br/>    def test_shopclues_login01(self,comm_file,shopclue_login_data):<br/>        self.driver = comm_file<br/>        self.driver.find_element(By.XPATH, &quot;//a[normalize-space()=&#x27;Sign In&#x27;]&quot;).click()<br/>        time.sleep(2)<br/>        self.driver.find_element(By.XPATH, &quot;/html/body/div[1]/div/div/div[3]/div[1]/button[1]&quot;).click()<br/>        self.driver.find_element(By.XPATH, &quot;//span[normalize-space()=&#x27;Continue with Facebook&#x27;]&quot;).click()<br/>        self.driver.find_element(By.XPATH, &quot;//input[@id=&#x27;email&#x27;]&quot;).send_keys(shopclue_login_data[0])<br/>        self.driver.find_element(By.XPATH, &quot;//input[@id=&#x27;pass&#x27;]&quot;).send_keys(shopclue_login_data[1])<br/>        self.driver.find_element(By.XPATH, &quot;//button[@id=&#x27;loginbutton&#x27;]&quot;).click()<br/>        try:<br/>            time.sleep(10)<br/>&gt;           self.driver.find_element(By.XPATH, &quot;/html/body/div[1]/div/div/div[3]/div[1]/button[1]&quot;).click()<br/><br/>test_shopclues_login.py:19: <br/>_ _ _ _ _ _ _ _ _ _ _ _ _ _ _ _ _ _ _ _ _ _ _ _ _ _ _ _ _ _ _ _ _ _ _ _ _ _ _ _ <br/>venv\lib\site-packages\selenium\webdriver\remote\webdriver.py:739: in find_element<br/>    return self.execute(Command.FIND_ELEMENT, {&quot;using&quot;: by, &quot;value&quot;: value})[&quot;value&quot;]<br/>venv\lib\site-packages\selenium\webdriver\remote\webdriver.py:345: in execute<br/>    self.error_handler.check_response(response)<br/>_ _ _ _ _ _ _ _ _ _ _ _ _ _ _ _ _ _ _ _ _ _ _ _ _ _ _ _ _ _ _ _ _ _ _ _ _ _ _ _ <br/><br/>self = &lt;selenium.webdriver.remote.errorhandler.ErrorHandler object at 0x0000027EDCAD09A0&gt;<br/>response = {&#x27;status&#x27;: 404, &#x27;value&#x27;: &#x27;{&quot;value&quot;:{&quot;error&quot;:&quot;no such element&quot;,&quot;message&quot;:&quot;no such element: Unable to locate element: {\...\n\\tRtlGetAppContainerNamedObjectPath [0x77237B1E+286]\\n\\tRtlGetAppContainerNamedObjectPath [0x77237AEE+238]\\n&quot;}}&#x27;}<br/><br/>    def check_response(self, response: Dict[str, Any]) -&gt; None:<br/>        &quot;&quot;&quot;Checks that a JSON response from the WebDriver does not have an<br/>        error.<br/>    <br/>        :Args:<br/>         - response - The JSON response from the WebDriver server as a dictionary<br/>           object.<br/>    <br/>        :Raises: If the response contains an error message.<br/>        &quot;&quot;&quot;<br/>        status = response.get(&quot;status&quot;, None)<br/>        if not status or status == ErrorCode.SUCCESS:<br/>            return<br/>        value = None<br/>        message = response.get(&quot;message&quot;, &quot;&quot;)<br/>        screen: str = response.get(&quot;screen&quot;, &quot;&quot;)<br/>        stacktrace = None<br/>        if isinstance(status, int):<br/>            value_json = response.get(&quot;value&quot;, None)<br/>            if value_json and isinstance(value_json, str):<br/>                import json<br/>    <br/>                try:<br/>                    value = json.loads(value_json)<br/>                    if len(value) == 1:<br/>                        value = value[&quot;value&quot;]<br/>                    status = value.get(&quot;error&quot;, None)<br/>                    if not status:<br/>                        status = value.get(&quot;status&quot;, ErrorCode.UNKNOWN_ERROR)<br/>                        message = value.get(&quot;value&quot;) or value.get(&quot;message&quot;)<br/>                        if not isinstance(message, str):<br/>                            value = message<br/>                            message = message.get(&quot;message&quot;)<br/>                    else:<br/>                        message = value.get(&quot;message&quot;, None)<br/>                except ValueError:<br/>                    pass<br/>    <br/>        exception_class: Type[WebDriverException]<br/>        e = ErrorCode()<br/>        error_codes = [item for item in dir(e) if not item.startswith(&quot;__&quot;)]<br/>        for error_code in error_codes:<br/>            error_info = getattr(ErrorCode, error_code)<br/>            if isinstance(error_info, list) and status in error_info:<br/>                exception_class = getattr(ExceptionMapping, error_code, WebDriverException)<br/>                break<br/>        else:<br/>            exception_class = WebDriverException<br/>    <br/>        if not value:<br/>            value = response[&quot;value&quot;]<br/>        if isinstance(value, str):<br/>            raise exception_class(value)<br/>        if message == &quot;&quot; and &quot;message&quot; in value:<br/>            message = value[&quot;message&quot;]<br/>    <br/>        screen = None  # type: ignore[assignment]<br/>        if &quot;screen&quot; in value:<br/>            screen = value[&quot;screen&quot;]<br/>    <br/>        stacktrace = None<br/>        st_value = value.get(&quot;stackTrace&quot;) or value.get(&quot;stacktrace&quot;)<br/>        if st_value:<br/>            if isinstance(st_value, str):<br/>                stacktrace = st_value.split(&quot;\n&quot;)<br/>            else:<br/>                stacktrace = []<br/>                try:<br/>                    for frame in st_value:<br/>                        line = frame.get(&quot;lineNumber&quot;, &quot;&quot;)<br/>                        file = frame.get(&quot;fileName&quot;, &quot;&lt;anonymous&gt;&quot;)<br/>                        if line:<br/>                            file = f&quot;{file}:{line}&quot;<br/>                        meth = frame.get(&quot;methodName&quot;, &quot;&lt;anonymous&gt;&quot;)<br/>                        if &quot;className&quot; in frame:<br/>                            meth = f&quot;{frame[&#x27;className&#x27;]}.{meth}&quot;<br/>                        msg = &quot;    at %s (%s)&quot;<br/>                        msg = msg % (meth, file)<br/>                        stacktrace.append(msg)<br/>                except TypeError:<br/>                    pass<br/>        if exception_class == UnexpectedAlertPresentException:<br/>            alert_text = None<br/>            if &quot;data&quot; in value:<br/>                alert_text = value[&quot;data&quot;].get(&quot;text&quot;)<br/>            elif &quot;alert&quot; in value:<br/>                alert_text = value[&quot;alert&quot;].get(&quot;text&quot;)<br/>            raise exception_class(message, screen, stacktrace, alert_text)  # type: ignore[call-arg]  # mypy is not smart enough here<br/>&gt;       raise exception_class(message, screen, stacktrace)<br/><span class="error">E       selenium.common.exceptions.NoSuchElementException: Message: no such element: Unable to locate element: {&quot;method&quot;:&quot;xpath&quot;,&quot;selector&quot;:&quot;/html/body/div[1]/div/div/div[3]/div[1]/button[1]&quot;}</span><br/><span class="error">E         (Session info: chrome=115.0.5790.110); For documentation on this error, please visit: https://www.selenium.dev/documentation/webdriver/troubleshooting/errors#no-such-element-exception</span><br/><span class="error">E       Stacktrace:</span><br/><span class="error">E       Backtrace:</span><br/><span class="error">E       	GetHandleVerifier [0x0041A813+48355]</span><br/><span class="error">E       	(No symbol) [0x003AC4B1]</span><br/><span class="error">E       	(No symbol) [0x002B5358]</span><br/><span class="error">E       	(No symbol) [0x002E09A5]</span><br/><span class="error">E       	(No symbol) [0x002E0B3B]</span><br/><span class="error">E       	(No symbol) [0x0030E232]</span><br/><span class="error">E       	(No symbol) [0x002FA784]</span><br/><span class="error">E       	(No symbol) [0x0030C922]</span><br/><span class="error">E       	(No symbol) [0x002FA536]</span><br/><span class="error">E       	(No symbol) [0x002D82DC]</span><br/><span class="error">E       	(No symbol) [0x002D93DD]</span><br/><span class="error">E       	GetHandleVerifier [0x0067AABD+2539405]</span><br/><span class="error">E       	GetHandleVerifier [0x006BA78F+2800735]</span><br/><span class="error">E       	GetHandleVerifier [0x006B456C+2775612]</span><br/><span class="error">E       	GetHandleVerifier [0x004A51E0+616112]</span><br/><span class="error">E       	(No symbol) [0x003B5F8C]</span><br/><span class="error">E       	(No symbol) [0x003B2328]</span><br/><span class="error">E       	(No symbol) [0x003B240B]</span><br/><span class="error">E       	(No symbol) [0x003A4FF7]</span><br/><span class="error">E       	BaseThreadInitThunk [0x751300C9+25]</span><br/><span class="error">E       	RtlGetAppContainerNamedObjectPath [0x77237B1E+286]</span><br/><span class="error">E       	RtlGetAppContainerNamedObjectPath [0x77237AEE+238]</span><br/><br/>venv\lib\site-packages\selenium\webdriver\remote\errorhandler.py:229: NoSuchElementException<br/><br/>During handling of the above exception, another exception occurred:<br/><br/>self = &lt;test_shopclues_login.Test_shopclues object at 0x0000027EDC9663A0&gt;, comm_file = &lt;selenium.webdriver.chrome.webdriver.WebDriver (session=&quot;227f4642ffa436a00beaced23e49afb6&quot;)&gt;<br/>shopclue_login_data = (&#x27;rahul.ip@gmail.com&#x27;, &#x27;rahul1803sarrda@#&#x27;)<br/><br/>    def test_shopclues_login01(self,comm_file,shopclue_login_data):<br/>        self.driver = comm_file<br/>        self.driver.find_element(By.XPATH, &quot;//a[normalize-space()=&#x27;Sign In&#x27;]&quot;).click()<br/>        time.sleep(2)<br/>        self.driver.find_element(By.XPATH, &quot;/html/body/div[1]/div/div/div[3]/div[1]/button[1]&quot;).click()<br/>        self.driver.find_element(By.XPATH, &quot;//span[normalize-space()=&#x27;Continue with Facebook&#x27;]&quot;).click()<br/>        self.driver.find_element(By.XPATH, &quot;//input[@id=&#x27;email&#x27;]&quot;).send_keys(shopclue_login_data[0])<br/>        self.driver.find_element(By.XPATH, &quot;//input[@id=&#x27;pass&#x27;]&quot;).send_keys(shopclue_login_data[1])<br/>        self.driver.find_element(By.XPATH, &quot;//button[@id=&#x27;loginbutton&#x27;]&quot;).click()<br/>        try:<br/>            time.sleep(10)<br/>            self.driver.find_element(By.XPATH, &quot;/html/body/div[1]/div/div/div[3]/div[1]/button[1]&quot;).click()<br/>            self.driver.find_element(By.XPATH, &quot;//a[normalize-space()=&#x27;Hi Rahul&#x27;]&quot;)<br/>            self.driver.find_element(By.XPATH,&quot;//div[@class=&#x27;hoverContent sc_actLinks&#x27;]//a[contains(text(),&#x27;Rahul&#x27;)]&quot;)<br/>            self.driver.save_screenshot(f&quot;.//screenshots//{shopclue_login_data[0]}_{shopclue_login_data[1]} shopclues_login_pass01.PNG&quot;)<br/>            print(&quot;shopclue login successfully&quot;)<br/>            self.driver.close()<br/>            assert True<br/>        except:<br/>            print(&quot;shopclue login is unsuccessfull&quot;)<br/>            self.driver.save_screenshot(f&quot;.//screenshots//{shopclue_login_data[0]}_{shopclue_login_data[1]} shopcclues_login_fail01.PNG&quot;)<br/>            self.driver.close()<br/>&gt;           assert False<br/><span class="error">E           assert False</span><br/><br/>test_shopclues_login.py:30: AssertionError<br/> -------------------------------Captured log setup------------------------------- <br/>WARNING  selenium.webdriver.common.selenium_manager:selenium_manager.py:133 The chromedriver version (114.0.5735.90) detected in PATH at C:\Users\Admin\AppData\Local\Programs\Python\Python39\Scripts\chromedriver.exe might not be compatible with the detected chrome version (115.0.5790.110); currently, chromedriver 115.0.5790.102 is recommended for chrome 115.*, so it is advised to delete the driver in PATH and retry<br/> ------------------------------Captured stdout call------------------------------ <br/>shopclue login is unsuccessfull
<br/></div></td></tr></tbody>
      <tbody class="passed results-table-row">
        <tr>
          <td class="col-result">Passed</td>
          <td class="col-name">test_shopclues_login.py::Test_shopclues::test_shopclues_login01[shopclue_login_data0]</td>
          <td class="col-duration">24.76</td>
          <td class="col-links"></td></tr>
        <tr>
          <td class="extra" colspan="4">
            <div class="log"> -------------------------------Captured log setup------------------------------- <br/>WARNING  selenium.webdriver.common.selenium_manager:selenium_manager.py:133 The chromedriver version (114.0.5735.90) detected in PATH at C:\Users\Admin\AppData\Local\Programs\Python\Python39\Scripts\chromedriver.exe might not be compatible with the detected chrome version (115.0.5790.110); currently, chromedriver 115.0.5790.102 is recommended for chrome 115.*, so it is advised to delete the driver in PATH and retry<br/> ------------------------------Captured stdout call------------------------------ <br/>shopclue login successfully
<br/></div></td></tr></tbody>
      <tbody class="passed results-table-row">
        <tr>
          <td class="col-result">Passed</td>
          <td class="col-name">test_shopclues_login.py::Test_shopclues::test_shopclues_login01[shopclue_login_data1]</td>
          <td class="col-duration">20.06</td>
          <td class="col-links"></td></tr>
        <tr>
          <td class="extra" colspan="4">
            <div class="log"> -------------------------------Captured log setup------------------------------- <br/>WARNING  selenium.webdriver.common.selenium_manager:selenium_manager.py:133 The chromedriver version (114.0.5735.90) detected in PATH at C:\Users\Admin\AppData\Local\Programs\Python\Python39\Scripts\chromedriver.exe might not be compatible with the detected chrome version (115.0.5790.110); currently, chromedriver 115.0.5790.102 is recommended for chrome 115.*, so it is advised to delete the driver in PATH and retry<br/> ------------------------------Captured stdout call------------------------------ <br/>shopclue login successfully
<br/></div></td></tr></tbody>
      <tbody class="passed results-table-row">
        <tr>
          <td class="col-result">Passed</td>
          <td class="col-name">test_shopclues_login.py::Test_shopclues::test_shopclues_login01[shopclue_login_data3]</td>
          <td class="col-duration">20.36</td>
          <td class="col-links"></td></tr>
        <tr>
          <td class="extra" colspan="4">
            <div class="log"> -------------------------------Captured log setup------------------------------- <br/>WARNING  selenium.webdriver.common.selenium_manager:selenium_manager.py:133 The chromedriver version (114.0.5735.90) detected in PATH at C:\Users\Admin\AppData\Local\Programs\Python\Python39\Scripts\chromedriver.exe might not be compatible with the detected chrome version (115.0.5790.110); currently, chromedriver 115.0.5790.102 is recommended for chrome 115.*, so it is advised to delete the driver in PATH and retry<br/> ------------------------------Captured stdout call------------------------------ <br/>shopclue login successfully
<br/></div></td></tr></tbody></table></body></html>